TN:
SF:server.js
FN:44,(anonymous_0)
FN:54,(anonymous_1)
FN:63,(anonymous_2)
FN:79,(anonymous_3)
FN:94,(anonymous_4)
FN:101,(anonymous_5)
FN:112,(anonymous_6)
FN:135,(anonymous_7)
FN:149,(anonymous_8)
FN:167,(anonymous_9)
FN:175,(anonymous_10)
FN:199,(anonymous_11)
FN:246,(anonymous_12)
FN:254,(anonymous_13)
FN:273,(anonymous_14)
FN:292,(anonymous_15)
FN:303,handleWebSocketMessage
FN:339,broadcastMessage
FN:348,(anonymous_18)
FN:361,(anonymous_19)
FN:362,(anonymous_20)
FN:379,(anonymous_21)
FN:393,(anonymous_22)
FN:406,(anonymous_23)
FN:411,(anonymous_24)
FN:416,(anonymous_25)
FN:445,(anonymous_26)
FN:449,(anonymous_27)
FN:482,(anonymous_28)
FN:492,(anonymous_29)
FN:497,(anonymous_30)
FN:503,(anonymous_31)
FN:509,(anonymous_32)
FNF:33
FNH:0
FNDA:0,(anonymous_0)
FNDA:0,(anonymous_1)
FNDA:0,(anonymous_2)
FNDA:0,(anonymous_3)
FNDA:0,(anonymous_4)
FNDA:0,(anonymous_5)
FNDA:0,(anonymous_6)
FNDA:0,(anonymous_7)
FNDA:0,(anonymous_8)
FNDA:0,(anonymous_9)
FNDA:0,(anonymous_10)
FNDA:0,(anonymous_11)
FNDA:0,(anonymous_12)
FNDA:0,(anonymous_13)
FNDA:0,(anonymous_14)
FNDA:0,(anonymous_15)
FNDA:0,handleWebSocketMessage
FNDA:0,broadcastMessage
FNDA:0,(anonymous_18)
FNDA:0,(anonymous_19)
FNDA:0,(anonymous_20)
FNDA:0,(anonymous_21)
FNDA:0,(anonymous_22)
FNDA:0,(anonymous_23)
FNDA:0,(anonymous_24)
FNDA:0,(anonymous_25)
FNDA:0,(anonymous_26)
FNDA:0,(anonymous_27)
FNDA:0,(anonymous_28)
FNDA:0,(anonymous_29)
FNDA:0,(anonymous_30)
FNDA:0,(anonymous_31)
FNDA:0,(anonymous_32)
DA:1,0
DA:2,0
DA:3,0
DA:4,0
DA:5,0
DA:6,0
DA:8,0
DA:9,0
DA:10,0
DA:11,0
DA:14,0
DA:15,0
DA:17,0
DA:18,0
DA:22,0
DA:23,0
DA:27,0
DA:30,0
DA:37,0
DA:40,0
DA:43,0
DA:44,0
DA:45,0
DA:46,0
DA:47,0
DA:49,0
DA:54,0
DA:55,0
DA:63,0
DA:64,0
DA:66,0
DA:67,0
DA:71,0
DA:78,0
DA:79,0
DA:80,0
DA:81,0
DA:82,0
DA:84,0
DA:88,0
DA:90,0
DA:94,0
DA:95,0
DA:100,0
DA:101,0
DA:102,0
DA:103,0
DA:104,0
DA:108,0
DA:112,0
DA:113,0
DA:116,0
DA:117,0
DA:118,0
DA:119,0
DA:120,0
DA:124,0
DA:134,0
DA:135,0
DA:136,0
DA:137,0
DA:138,0
DA:139,0
DA:143,0
DA:145,0
DA:149,0
DA:151,0
DA:152,0
DA:154,0
DA:155,0
DA:156,0
DA:158,0
DA:163,0
DA:164,0
DA:167,0
DA:168,0
DA:175,0
DA:176,0
DA:182,0
DA:189,0
DA:192,0
DA:195,0
DA:196,0
DA:199,0
DA:201,0
DA:202,0
DA:203,0
DA:205,0
DA:206,0
DA:207,0
DA:208,0
DA:213,0
DA:215,0
DA:216,0
DA:218,0
DA:226,0
DA:229,0
DA:235,0
DA:243,0
DA:246,0
DA:247,0
DA:248,0
DA:249,0
DA:254,0
DA:255,0
DA:256,0
DA:257,0
DA:260,0
DA:262,0
DA:264,0
DA:265,0
DA:273,0
DA:274,0
DA:275,0
DA:283,0
DA:284,0
DA:292,0
DA:293,0
DA:304,0
DA:306,0
DA:308,0
DA:309,0
DA:313,0
DA:319,0
DA:323,0
DA:324,0
DA:327,0
DA:340,0
DA:347,0
DA:348,0
DA:349,0
DA:350,0
DA:351,0
DA:353,0
DA:357,0
DA:361,0
DA:362,0
DA:363,0
DA:364,0
DA:365,0
DA:366,0
DA:367,0
DA:370,0
DA:371,0
DA:376,0
DA:377,0
DA:379,0
DA:381,0
DA:382,0
DA:386,0
DA:392,0
DA:393,0
DA:394,0
DA:395,0
DA:396,0
DA:397,0
DA:401,0
DA:402,0
DA:406,0
DA:407,0
DA:411,0
DA:412,0
DA:416,0
DA:417,0
DA:424,0
DA:427,0
DA:428,0
DA:429,0
DA:430,0
DA:431,0
DA:434,0
DA:435,0
DA:436,0
DA:437,0
DA:438,0
DA:439,0
DA:440,0
DA:441,0
DA:442,0
DA:445,0
DA:446,0
DA:449,0
DA:450,0
DA:453,0
DA:454,0
DA:455,0
DA:456,0
DA:457,0
DA:458,0
DA:459,0
DA:460,0
DA:461,0
DA:462,0
DA:463,0
DA:467,0
DA:477,0
DA:478,0
DA:482,0
DA:483,0
DA:486,0
DA:489,0
DA:492,0
DA:493,0
DA:497,0
DA:498,0
DA:499,0
DA:503,0
DA:504,0
DA:505,0
DA:509,0
DA:510,0
DA:511,0
DA:514,0
LF:213
LH:0
BRDA:22,0,0,0
BRDA:22,0,1,0
BRDA:43,1,0,0
BRDA:43,1,1,0
BRDA:46,2,0,0
BRDA:46,2,1,0
BRDA:64,3,0,0
BRDA:66,4,0,0
BRDA:66,4,1,0
BRDA:80,5,0,0
BRDA:80,5,1,0
BRDA:102,6,0,0
BRDA:102,6,1,0
BRDA:117,7,0,0
BRDA:117,7,1,0
BRDA:119,8,0,0
BRDA:119,8,1,0
BRDA:131,9,0,0
BRDA:131,9,1,0
BRDA:136,10,0,0
BRDA:136,10,1,0
BRDA:182,11,0,0
BRDA:182,11,1,0
BRDA:183,12,0,0
BRDA:183,12,1,0
BRDA:184,13,0,0
BRDA:184,13,1,0
BRDA:202,14,0,0
BRDA:202,14,1,0
BRDA:205,15,0,0
BRDA:205,15,1,0
BRDA:213,16,0,0
BRDA:213,16,1,0
BRDA:248,17,0,0
BRDA:248,17,1,0
BRDA:283,18,0,0
BRDA:283,18,1,0
BRDA:306,19,0,0
BRDA:306,19,1,0
BRDA:306,19,2,0
BRDA:306,19,3,0
BRDA:349,20,0,0
BRDA:349,20,1,0
BRDA:349,21,0,0
BRDA:349,21,1,0
BRDA:363,22,0,0
BRDA:363,22,1,0
BRDA:381,23,0,0
BRDA:381,23,1,0
BRDA:381,24,0,0
BRDA:381,24,1,0
BRDA:394,25,0,0
BRDA:394,25,1,0
BRDA:401,26,0,0
BRDA:401,26,1,0
BRDA:420,27,0,0
BRDA:420,27,1,0
BRF:57
BRH:0
end_of_record
TN:
SF:handlers/file.js
FN:16,resolvePath
FN:30,(anonymous_1)
FN:70,(anonymous_2)
FN:108,(anonymous_3)
FN:118,(anonymous_4)
FN:165,(anonymous_5)
FN:208,(anonymous_6)
FNF:7
FNH:0
FNDA:0,resolvePath
FNDA:0,(anonymous_1)
FNDA:0,(anonymous_2)
FNDA:0,(anonymous_3)
FNDA:0,(anonymous_4)
FNDA:0,(anonymous_5)
FNDA:0,(anonymous_6)
DA:1,14
DA:2,14
DA:3,14
DA:5,14
DA:6,14
DA:8,14
DA:17,0
DA:18,0
DA:21,0
DA:22,0
DA:30,14
DA:31,0
DA:32,0
DA:33,0
DA:35,0
DA:37,0
DA:39,0
DA:40,0
DA:46,0
DA:48,0
DA:55,0
DA:56,0
DA:58,0
DA:59,0
DA:61,0
DA:70,14
DA:71,0
DA:72,0
DA:73,0
DA:75,0
DA:78,0
DA:79,0
DA:81,0
DA:82,0
DA:84,0
DA:87,0
DA:89,0
DA:96,0
DA:97,0
DA:99,0
DA:108,14
DA:109,0
DA:110,0
DA:111,0
DA:113,0
DA:115,0
DA:117,0
DA:119,0
DA:120,0
DA:121,0
DA:122,0
DA:130,0
DA:140,0
DA:147,0
DA:148,0
DA:150,0
DA:151,0
DA:153,0
DA:154,0
DA:156,0
DA:165,14
DA:166,0
DA:167,0
DA:168,0
DA:169,0
DA:171,0
DA:173,0
DA:175,0
DA:176,0
DA:178,0
DA:181,0
DA:187,0
DA:188,0
DA:190,0
DA:191,0
DA:193,0
DA:194,0
DA:199,0
DA:208,14
DA:209,0
DA:210,0
DA:211,0
DA:213,0
DA:215,0
DA:224,0
DA:225,0
DA:231,0
DA:238,14
LF:88
LH:12
BRDA:17,0,0,0
BRDA:17,0,1,0
BRDA:32,1,0,0
BRDA:39,2,0,0
BRDA:39,2,1,0
BRDA:55,3,0,0
BRDA:55,3,1,0
BRDA:58,4,0,0
BRDA:58,4,1,0
BRDA:72,5,0,0
BRDA:72,6,0,0
BRDA:81,7,0,0
BRDA:81,7,1,0
BRDA:96,8,0,0
BRDA:96,8,1,0
BRDA:125,9,0,0
BRDA:125,9,1,0
BRDA:133,10,0,0
BRDA:133,10,1,0
BRDA:147,11,0,0
BRDA:147,11,1,0
BRDA:150,12,0,0
BRDA:150,12,1,0
BRDA:153,13,0,0
BRDA:153,13,1,0
BRDA:167,14,0,0
BRDA:175,15,0,0
BRDA:175,15,1,0
BRDA:184,16,0,0
BRDA:184,16,1,0
BRDA:187,17,0,0
BRDA:187,17,1,0
BRDA:190,18,0,0
BRDA:190,18,1,0
BRDA:193,19,0,0
BRDA:193,19,1,0
BRDA:219,20,0,0
BRDA:219,20,1,0
BRDA:224,21,0,0
BRDA:224,21,1,0
BRF:40
BRH:0
end_of_record
TN:
SF:handlers/index.js
FN:13,register
FNF:1
FNH:1
FNDA:14,register
DA:1,14
DA:2,14
DA:3,14
DA:4,14
DA:5,14
DA:7,14
DA:14,14
DA:17,14
DA:18,14
DA:21,14
DA:22,14
DA:25,14
DA:26,14
DA:29,14
DA:30,14
DA:33,14
DA:34,14
DA:36,14
DA:39,14
LF:19
LH:19
BRF:0
BRH:0
end_of_record
TN:
SF:handlers/modes.js
FN:12,(anonymous_0)
FN:24,(anonymous_1)
FNF:2
FNH:0
FNDA:0,(anonymous_0)
FNDA:0,(anonymous_1)
DA:1,14
DA:2,14
DA:3,14
DA:4,14
DA:5,14
DA:7,14
DA:12,14
DA:13,0
DA:14,0
DA:24,14
DA:25,0
DA:27,0
DA:28,0
DA:34,0
DA:35,0
DA:36,0
DA:37,0
DA:40,0
DA:41,0
DA:42,0
DA:43,0
DA:45,0
DA:47,0
DA:48,0
DA:49,0
DA:50,0
DA:52,0
DA:56,0
DA:64,14
LF:29
LH:9
BRDA:16,0,0,0
BRDA:16,0,1,0
BRDA:27,1,0,0
BRDA:27,1,1,0
BRDA:35,2,0,0
BRDA:35,2,1,0
BRDA:40,3,0,0
BRDA:40,3,1,0
BRDA:47,4,0,0
BRDA:47,4,1,0
BRF:10
BRH:0
end_of_record
TN:
SF:handlers/screenshot.js
FN:17,(anonymous_0)
FN:38,(anonymous_1)
FN:87,(anonymous_2)
FN:130,(anonymous_3)
FN:166,(anonymous_4)
FN:196,(anonymous_5)
FN:204,(anonymous_6)
FN:228,(anonymous_7)
FN:261,(anonymous_8)
FN:296,(anonymous_9)
FN:336,(anonymous_10)
FN:344,(anonymous_11)
FN:368,broadcastScreenshotAvailable
FN:384,(anonymous_13)
FN:401,broadcastImageUploaded
FN:417,(anonymous_15)
FNF:16
FNH:0
FNDA:0,(anonymous_0)
FNDA:0,(anonymous_1)
FNDA:0,(anonymous_2)
FNDA:0,(anonymous_3)
FNDA:0,(anonymous_4)
FNDA:0,(anonymous_5)
FNDA:0,(anonymous_6)
FNDA:0,(anonymous_7)
FNDA:0,(anonymous_8)
FNDA:0,(anonymous_9)
FNDA:0,(anonymous_10)
FNDA:0,(anonymous_11)
FNDA:0,broadcastScreenshotAvailable
FNDA:0,(anonymous_13)
FNDA:0,broadcastImageUploaded
FNDA:0,(anonymous_15)
DA:1,14
DA:2,14
DA:3,14
DA:4,14
DA:6,14
DA:7,14
DA:9,14
DA:12,14
DA:19,0
DA:20,0
DA:21,0
DA:23,0
DA:38,14
DA:39,0
DA:42,0
DA:43,0
DA:44,0
DA:47,0
DA:48,0
DA:49,0
DA:51,0
DA:54,0
DA:56,0
DA:61,0
DA:62,0
DA:72,0
DA:87,14
DA:88,0
DA:89,0
DA:91,0
DA:92,0
DA:99,0
DA:100,0
DA:103,0
DA:104,0
DA:105,0
DA:107,0
DA:110,0
DA:112,0
DA:117,0
DA:118,0
DA:130,14
DA:131,0
DA:132,0
DA:134,0
DA:135,0
DA:141,0
DA:142,0
DA:143,0
DA:149,0
DA:150,0
DA:151,0
DA:153,0
DA:154,0
DA:166,14
DA:167,0
DA:169,0
DA:170,0
DA:172,0
DA:173,0
DA:179,0
DA:180,0
DA:181,0
DA:183,0
DA:184,0
DA:196,14
DA:197,0
DA:198,0
DA:201,0
DA:202,0
DA:204,0
DA:209,0
DA:215,0
DA:216,0
DA:228,14
DA:229,0
DA:231,0
DA:232,0
DA:234,0
DA:235,0
DA:241,0
DA:243,0
DA:248,0
DA:249,0
DA:261,14
DA:262,0
DA:263,0
DA:264,0
DA:270,0
DA:272,0
DA:275,0
DA:277,0
DA:283,0
DA:284,0
DA:296,14
DA:297,0
DA:299,0
DA:300,0
DA:302,0
DA:303,0
DA:309,0
DA:310,0
DA:311,0
DA:319,0
DA:320,0
DA:321,0
DA:323,0
DA:324,0
DA:336,14
DA:337,0
DA:338,0
DA:341,0
DA:342,0
DA:344,0
DA:349,0
DA:355,0
DA:356,0
DA:369,0
DA:371,0
DA:373,0
DA:374,0
DA:377,0
DA:384,0
DA:385,0
DA:386,0
DA:390,0
DA:393,0
DA:402,0
DA:403,0
DA:405,0
DA:406,0
DA:409,0
DA:417,0
DA:418,0
DA:419,0
DA:423,0
DA:425,0
DA:429,14
LF:138
LH:18
BRDA:20,0,0,0
BRDA:20,0,1,0
BRDA:42,1,0,0
BRDA:42,1,1,0
BRDA:42,2,0,0
BRDA:42,2,1,0
BRDA:48,3,0,0
BRDA:48,3,1,0
BRDA:48,4,0,0
BRDA:48,4,1,0
BRDA:77,5,0,0
BRDA:77,5,1,0
BRDA:78,6,0,0
BRDA:78,6,1,0
BRDA:89,7,0,0
BRDA:91,8,0,0
BRDA:91,8,1,0
BRDA:104,9,0,0
BRDA:104,9,1,0
BRDA:104,10,0,0
BRDA:104,10,1,0
BRDA:134,11,0,0
BRDA:134,11,1,0
BRDA:142,12,0,0
BRDA:142,12,1,0
BRDA:172,13,0,0
BRDA:172,13,1,0
BRDA:202,14,0,0
BRDA:202,14,1,0
BRDA:202,15,0,0
BRDA:202,15,1,0
BRDA:234,16,0,0
BRDA:234,16,1,0
BRDA:263,17,0,0
BRDA:263,17,1,0
BRDA:302,18,0,0
BRDA:302,18,1,0
BRDA:319,19,0,0
BRDA:319,19,1,0
BRDA:342,20,0,0
BRDA:342,20,1,0
BRDA:342,21,0,0
BRDA:342,21,1,0
BRDA:373,22,0,0
BRDA:373,22,1,0
BRDA:373,23,0,0
BRDA:373,23,1,0
BRDA:385,24,0,0
BRDA:385,24,1,0
BRDA:405,25,0,0
BRDA:405,25,1,0
BRDA:405,26,0,0
BRDA:405,26,1,0
BRDA:418,27,0,0
BRDA:418,27,1,0
BRF:55
BRH:0
end_of_record
TN:
SF:handlers/shell.js
FN:52,executeCommand
FN:53,(anonymous_1)
FN:83,(anonymous_2)
FN:90,(anonymous_3)
FN:97,(anonymous_4)
FN:115,(anonymous_5)
FN:137,(anonymous_6)
FN:164,(anonymous_7)
FN:215,(anonymous_8)
FN:226,(anonymous_9)
FN:237,(anonymous_10)
FN:250,(anonymous_11)
FN:276,(anonymous_12)
FN:279,(anonymous_13)
FN:304,macOSTyper
FN:305,(anonymous_15)
FN:343,(anonymous_16)
FN:347,(anonymous_17)
FN:355,(anonymous_18)
FN:367,linuxTyper
FN:368,(anonymous_20)
FN:406,windowsTyper
FN:407,(anonymous_22)
FN:432,(anonymous_23)
FN:436,(anonymous_24)
FN:444,(anonymous_25)
FN:454,getTerminalTyper
FN:476,(anonymous_27)
FN:526,(anonymous_28)
FN:543,(anonymous_29)
FN:568,(anonymous_30)
FN:583,(anonymous_31)
FN:630,(anonymous_32)
FN:659,(anonymous_33)
FNF:34
FNH:14
FNDA:4,executeCommand
FNDA:4,(anonymous_1)
FNDA:2,(anonymous_2)
FNDA:1,(anonymous_3)
FNDA:4,(anonymous_4)
FNDA:0,(anonymous_5)
FNDA:4,(anonymous_6)
FNDA:0,(anonymous_7)
FNDA:0,(anonymous_8)
FNDA:0,(anonymous_9)
FNDA:0,(anonymous_10)
FNDA:0,(anonymous_11)
FNDA:1,(anonymous_12)
FNDA:0,(anonymous_13)
FNDA:0,macOSTyper
FNDA:0,(anonymous_15)
FNDA:0,(anonymous_16)
FNDA:0,(anonymous_17)
FNDA:0,(anonymous_18)
FNDA:0,linuxTyper
FNDA:0,(anonymous_20)
FNDA:0,windowsTyper
FNDA:0,(anonymous_22)
FNDA:0,(anonymous_23)
FNDA:0,(anonymous_24)
FNDA:0,(anonymous_25)
FNDA:0,getTerminalTyper
FNDA:3,(anonymous_27)
FNDA:3,(anonymous_28)
FNDA:2,(anonymous_29)
FNDA:1,(anonymous_30)
FNDA:3,(anonymous_31)
FNDA:2,(anonymous_32)
FNDA:2,(anonymous_33)
DA:1,35
DA:2,35
DA:3,35
DA:4,35
DA:6,35
DA:7,35
DA:8,35
DA:11,35
DA:13,35
DA:16,35
DA:17,35
DA:18,35
DA:21,35
DA:22,35
DA:23,35
DA:25,35
DA:26,0
DA:27,35
DA:28,35
DA:29,0
DA:30,0
DA:32,0
DA:35,35
DA:43,35
DA:44,35
DA:53,4
DA:58,4
DA:60,4
DA:61,4
DA:63,4
DA:65,4
DA:67,4
DA:73,4
DA:80,4
DA:81,4
DA:83,4
DA:84,2
DA:85,2
DA:87,2
DA:90,4
DA:91,1
DA:92,1
DA:94,1
DA:97,4
DA:98,4
DA:99,4
DA:101,4
DA:103,4
DA:115,4
DA:116,0
DA:117,0
DA:119,0
DA:121,0
DA:137,35
DA:138,4
DA:139,4
DA:141,4
DA:142,1
DA:148,3
DA:150,3
DA:152,0
DA:153,0
DA:155,0
DA:164,35
DA:165,0
DA:166,0
DA:168,0
DA:169,0
DA:176,0
DA:177,0
DA:179,0
DA:180,0
DA:186,0
DA:187,0
DA:189,0
DA:191,0
DA:193,0
DA:199,0
DA:208,0
DA:215,0
DA:216,0
DA:218,0
DA:219,0
DA:226,0
DA:227,0
DA:229,0
DA:230,0
DA:237,0
DA:238,0
DA:239,0
DA:241,0
DA:250,0
DA:251,0
DA:253,0
DA:260,0
DA:268,0
DA:276,35
DA:277,1
DA:279,1
DA:280,0
DA:290,1
DA:305,0
DA:307,0
DA:313,0
DA:314,0
DA:324,0
DA:340,0
DA:342,0
DA:343,0
DA:344,0
DA:347,0
DA:348,0
DA:349,0
DA:351,0
DA:355,0
DA:356,0
DA:368,0
DA:370,0
DA:371,0
DA:373,0
DA:381,0
DA:384,0
DA:386,0
DA:387,0
DA:389,0
DA:390,0
DA:393,0
DA:395,0
DA:407,0
DA:409,0
DA:421,0
DA:423,0
DA:429,0
DA:431,0
DA:432,0
DA:433,0
DA:436,0
DA:437,0
DA:438,0
DA:440,0
DA:444,0
DA:445,0
DA:455,0
DA:457,0
DA:459,0
DA:461,0
DA:463,0
DA:476,35
DA:477,3
DA:478,3
DA:480,3
DA:481,1
DA:488,2
DA:491,2
DA:493,2
DA:496,2
DA:497,2
DA:498,2
DA:499,2
DA:500,2
DA:501,2
DA:502,2
DA:503,2
DA:504,2
DA:505,2
DA:506,2
DA:508,2
DA:518,0
DA:526,35
DA:527,3
DA:529,3
DA:531,3
DA:543,35
DA:544,2
DA:546,2
DA:548,2
DA:549,1
DA:555,1
DA:557,1
DA:568,35
DA:569,1
DA:571,1
DA:573,1
DA:583,35
DA:584,3
DA:585,3
DA:586,3
DA:588,3
DA:590,3
DA:591,1
DA:597,2
DA:598,1
DA:605,1
DA:607,1
DA:608,1
DA:611,1
DA:613,1
DA:619,0
DA:620,0
DA:622,0
DA:630,35
DA:631,2
DA:633,2
DA:635,2
DA:636,1
DA:642,1
DA:644,1
DA:646,1
DA:659,35
DA:660,2
DA:662,2
DA:663,1
DA:664,1
DA:665,1
DA:671,0
DA:672,0
DA:674,0
DA:681,1
DA:682,0
DA:683,0
DA:684,0
DA:686,0
DA:692,0
DA:699,1
DA:705,35
LF:225
LH:123
BRDA:21,0,0,35
BRDA:21,0,1,0
BRDA:22,1,0,35
BRDA:22,1,1,35
BRDA:23,2,0,35
BRDA:23,2,1,0
BRDA:23,2,2,0
BRDA:25,3,0,0
BRDA:25,3,1,35
BRDA:25,4,0,35
BRDA:25,4,1,35
BRDA:27,5,0,35
BRDA:27,5,1,0
BRDA:27,6,0,35
BRDA:27,6,1,0
BRDA:29,7,0,0
BRDA:29,7,1,0
BRDA:38,8,0,0
BRDA:38,8,1,35
BRDA:52,9,0,0
BRDA:55,10,0,3
BRDA:56,11,0,3
BRDA:57,12,0,4
BRDA:141,13,0,1
BRDA:141,13,1,3
BRDA:152,14,0,0
BRDA:152,14,1,0
BRDA:168,15,0,0
BRDA:168,15,1,0
BRDA:179,16,0,0
BRDA:179,16,1,0
BRDA:194,17,0,0
BRDA:194,17,1,0
BRDA:196,18,0,0
BRDA:196,18,1,0
BRDA:313,19,0,0
BRDA:313,19,1,0
BRDA:318,20,0,0
BRDA:318,20,1,0
BRDA:334,21,0,0
BRDA:334,21,1,0
BRDA:348,22,0,0
BRDA:348,22,1,0
BRDA:389,23,0,0
BRDA:389,23,1,0
BRDA:421,24,0,0
BRDA:421,24,1,0
BRDA:437,25,0,0
BRDA:437,25,1,0
BRDA:455,26,0,0
BRDA:455,26,1,0
BRDA:455,26,2,0
BRDA:455,26,3,0
BRDA:480,27,0,1
BRDA:480,27,1,2
BRDA:488,28,0,2
BRDA:488,28,1,1
BRDA:529,29,0,1
BRDA:529,29,1,2
BRDA:548,30,0,1
BRDA:548,30,1,1
BRDA:590,31,0,1
BRDA:590,31,1,2
BRDA:597,32,0,1
BRDA:597,32,1,1
BRDA:619,33,0,0
BRDA:619,33,1,0
BRDA:635,34,0,1
BRDA:635,34,1,1
BRDA:660,35,0,2
BRDA:662,36,0,1
BRDA:662,36,1,1
BRDA:664,37,0,1
BRDA:664,37,1,0
BRDA:681,38,0,0
BRDA:681,38,1,1
BRF:76
BRH:34
end_of_record
TN:
SF:handlers/system.js
FN:17,formatBytes
FN:34,(anonymous_1)
FN:80,(anonymous_2)
FN:118,(anonymous_3)
FN:130,(anonymous_4)
FN:154,(anonymous_5)
FN:169,(anonymous_6)
FN:171,(anonymous_7)
FN:196,(anonymous_8)
FN:200,(anonymous_9)
FN:201,(anonymous_10)
FNF:11
FNH:2
FNDA:3,formatBytes
FNDA:1,(anonymous_1)
FNDA:0,(anonymous_2)
FNDA:0,(anonymous_3)
FNDA:0,(anonymous_4)
FNDA:0,(anonymous_5)
FNDA:0,(anonymous_6)
FNDA:0,(anonymous_7)
FNDA:0,(anonymous_8)
FNDA:0,(anonymous_9)
FNDA:0,(anonymous_10)
DA:1,14
DA:2,14
DA:4,14
DA:5,14
DA:7,14
DA:10,14
DA:18,3
DA:19,3
DA:20,3
DA:22,3
DA:23,9
DA:24,9
DA:27,3
DA:34,14
DA:35,1
DA:36,1
DA:37,1
DA:38,1
DA:40,1
DA:80,14
DA:81,0
DA:82,0
DA:84,0
DA:118,14
DA:119,0
DA:130,14
DA:131,0
DA:132,0
DA:134,0
DA:154,14
DA:155,0
DA:158,0
DA:167,0
DA:169,0
DA:171,0
DA:172,0
DA:173,0
DA:174,0
DA:178,0
DA:179,0
DA:182,0
DA:185,0
DA:196,14
DA:197,0
DA:198,0
DA:200,0
DA:201,0
DA:210,0
DA:216,14
LF:49
LH:25
BRDA:22,0,0,12
BRDA:22,0,1,9
BRDA:52,1,0,1
BRDA:52,1,1,0
BRDA:54,2,0,1
BRDA:54,2,1,0
BRDA:172,3,0,0
BRDA:172,3,1,0
BRDA:178,4,0,0
BRDA:178,4,1,0
BRDA:178,5,0,0
BRDA:178,5,1,0
BRF:12
BRH:4
end_of_record
TN:
SF:utils/commandQueue.js
FN:13,ensureDir
FN:23,getDefaultCommands
FN:33,readCommands
FN:50,writeCommands
FN:63,generateId
FN:73,addCommand
FN:94,getCommands
FN:96,(anonymous_7)
FN:103,getAllCommands
FN:113,getCommand
FN:115,(anonymous_10)
FN:124,updateCommandStatus
FN:126,(anonymous_12)
FN:144,clearCommand
FN:146,(anonymous_14)
FN:161,clearAll
FN:168,clearCompleted
FN:170,(anonymous_17)
FN:178,getPendingCount
FNF:19
FNH:19
FNDA:203,ensureDir
FNDA:139,getDefaultCommands
FNDA:95,readCommands
FNDA:108,writeCommands
FNDA:45,generateId
FNDA:45,addCommand
FNDA:11,getCommands
FNDA:17,(anonymous_7)
FNDA:5,getAllCommands
FNDA:12,getCommand
FNDA:8,(anonymous_10)
FNDA:16,updateCommandStatus
FNDA:22,(anonymous_12)
FNDA:4,clearCommand
FNDA:2,(anonymous_14)
FNDA:44,clearAll
FNDA:2,clearCompleted
FNDA:6,(anonymous_17)
FNDA:6,getPendingCount
DA:1,57
DA:2,57
DA:3,57
DA:4,57
DA:7,57
DA:8,57
DA:14,203
DA:15,2
DA:24,139
DA:34,95
DA:35,95
DA:36,95
DA:37,95
DA:38,95
DA:41,0
DA:43,0
DA:51,108
DA:52,108
DA:53,108
DA:55,0
DA:64,45
DA:74,45
DA:76,45
DA:84,45
DA:85,45
DA:87,45
DA:95,11
DA:96,17
DA:104,5
DA:105,5
DA:114,12
DA:115,12
DA:125,16
DA:126,22
DA:128,16
DA:129,1
DA:132,15
DA:133,15
DA:134,15
DA:136,15
DA:145,4
DA:146,4
DA:148,4
DA:149,2
DA:152,2
DA:153,2
DA:155,2
DA:162,44
DA:169,2
DA:170,6
DA:171,2
DA:179,6
DA:182,57
LF:53
LH:50
BRDA:14,0,0,2
BRDA:14,0,1,201
BRDA:36,1,0,95
BRDA:36,1,1,0
BRDA:73,2,0,40
BRDA:115,3,0,12
BRDA:115,3,1,5
BRDA:128,4,0,1
BRDA:128,4,1,15
BRDA:148,5,0,2
BRDA:148,5,1,2
BRF:11
BRH:10
end_of_record
TN:
SF:utils/config.js
FN:33,validate
FNF:1
FNH:0
FNDA:0,validate
DA:1,0
DA:4,0
DA:6,0
DA:34,0
DA:35,0
DA:38,0
DA:39,0
DA:40,0
DA:43,0
DA:46,0
LF:10
LH:0
BRDA:8,0,0,0
BRDA:8,0,1,0
BRDA:9,1,0,0
BRDA:9,1,1,0
BRDA:12,2,0,0
BRDA:12,2,1,0
BRDA:15,3,0,0
BRDA:15,3,1,0
BRDA:18,4,0,0
BRDA:18,4,1,0
BRDA:19,5,0,0
BRDA:19,5,1,0
BRDA:22,6,0,0
BRDA:22,6,1,0
BRDA:34,7,0,0
BRDA:34,7,1,0
BRDA:34,8,0,0
BRDA:34,8,1,0
BRDA:39,9,0,0
BRDA:39,9,1,0
BRF:20
BRH:0
end_of_record
TN:
SF:utils/logger.js
FN:19,formatLog
FN:30,debug
FN:41,info
FN:52,warn
FN:63,error
FN:73,httpLogger
FN:74,(anonymous_6)
FN:77,(anonymous_7)
FNF:8
FNH:0
FNDA:0,formatLog
FNDA:0,debug
FNDA:0,info
FNDA:0,warn
FNDA:0,error
FNDA:0,httpLogger
FNDA:0,(anonymous_6)
FNDA:0,(anonymous_7)
DA:1,0
DA:3,0
DA:10,0
DA:20,0
DA:21,0
DA:22,0
DA:31,0
DA:32,0
DA:42,0
DA:43,0
DA:53,0
DA:54,0
DA:64,0
DA:65,0
DA:74,0
DA:75,0
DA:77,0
DA:78,0
DA:79,0
DA:86,0
DA:87,0
DA:89,0
DA:93,0
DA:97,0
LF:24
LH:0
BRDA:10,0,0,0
BRDA:10,0,1,0
BRDA:19,1,0,0
BRDA:21,2,0,0
BRDA:21,2,1,0
BRDA:30,3,0,0
BRDA:31,4,0,0
BRDA:31,4,1,0
BRDA:41,5,0,0
BRDA:42,6,0,0
BRDA:42,6,1,0
BRDA:52,7,0,0
BRDA:53,8,0,0
BRDA:53,8,1,0
BRDA:63,9,0,0
BRDA:64,10,0,0
BRDA:64,10,1,0
BRDA:86,11,0,0
BRDA:86,11,1,0
BRF:19
BRH:0
end_of_record
TN:
SF:utils/outputWatcher.js
FN:15,(anonymous_0)
FN:27,(anonymous_1)
FN:51,(anonymous_2)
FN:61,(anonymous_3)
FN:96,(anonymous_4)
FN:124,(anonymous_5)
FN:138,(anonymous_6)
FN:149,(anonymous_7)
FN:155,(anonymous_8)
FN:168,(anonymous_9)
FNF:10
FNH:0
FNDA:0,(anonymous_0)
FNDA:0,(anonymous_1)
FNDA:0,(anonymous_2)
FNDA:0,(anonymous_3)
FNDA:0,(anonymous_4)
FNDA:0,(anonymous_5)
FNDA:0,(anonymous_6)
FNDA:0,(anonymous_7)
FNDA:0,(anonymous_8)
FNDA:0,(anonymous_9)
DA:1,0
DA:2,0
DA:3,0
DA:4,0
DA:7,0
DA:8,0
DA:16,0
DA:17,0
DA:18,0
DA:19,0
DA:20,0
DA:21,0
DA:28,0
DA:29,0
DA:33,0
DA:34,0
DA:35,0
DA:39,0
DA:40,0
DA:44,0
DA:45,0
DA:47,0
DA:51,0
DA:52,0
DA:54,0
DA:55,0
DA:62,0
DA:63,0
DA:66,0
DA:67,0
DA:71,0
DA:72,0
DA:73,0
DA:75,0
DA:76,0
DA:77,0
DA:79,0
DA:81,0
DA:82,0
DA:86,0
DA:87,0
DA:98,0
DA:100,0
DA:102,0
DA:105,0
DA:106,0
DA:110,0
DA:111,0
DA:115,0
DA:127,0
DA:140,0
DA:149,0
DA:156,0
DA:157,0
DA:158,0
DA:160,0
DA:161,0
DA:162,0
DA:169,0
DA:170,0
DA:171,0
DA:172,0
DA:174,0
DA:179,0
LF:64
LH:0
BRDA:15,0,0,0
BRDA:17,1,0,0
BRDA:17,1,1,0
BRDA:18,2,0,0
BRDA:18,2,1,0
BRDA:28,3,0,0
BRDA:28,3,1,0
BRDA:34,4,0,0
BRDA:34,4,1,0
BRDA:39,5,0,0
BRDA:39,5,1,0
BRDA:66,6,0,0
BRDA:66,6,1,0
BRDA:71,7,0,0
BRDA:71,7,1,0
BRDA:86,8,0,0
BRDA:86,8,1,0
BRDA:105,9,0,0
BRDA:105,9,1,0
BRDA:110,10,0,0
BRDA:110,10,1,0
BRDA:156,11,0,0
BRDA:156,11,1,0
BRF:23
BRH:0
end_of_record
TN:
SF:utils/screenshotManager.js
FN:20,ensureDirs
FN:33,generateId
FN:41,generateUploadId
FN:50,getScreenshotPath
FN:60,getUploadPath
FN:69,saveScreenshot
FN:95,saveScreenshotFromFile
FN:121,getScreenshot
FN:135,getLatestScreenshot
FN:139,(anonymous_9)
FN:140,(anonymous_10)
FN:146,(anonymous_11)
FN:167,listScreenshots
FN:171,(anonymous_13)
FN:172,(anonymous_14)
FN:182,(anonymous_15)
FN:192,deleteScreenshot
FN:206,cleanupScreenshots
FN:213,(anonymous_18)
FN:223,(anonymous_19)
FN:241,saveUpload
FN:270,getUpload
FN:275,(anonymous_22)
FN:297,listUploads
FN:301,(anonymous_24)
FN:302,(anonymous_25)
FN:313,(anonymous_26)
FN:323,deleteUpload
FNF:28
FNH:0
FNDA:0,ensureDirs
FNDA:0,generateId
FNDA:0,generateUploadId
FNDA:0,getScreenshotPath
FNDA:0,getUploadPath
FNDA:0,saveScreenshot
FNDA:0,saveScreenshotFromFile
FNDA:0,getScreenshot
FNDA:0,getLatestScreenshot
FNDA:0,(anonymous_9)
FNDA:0,(anonymous_10)
FNDA:0,(anonymous_11)
FNDA:0,listScreenshots
FNDA:0,(anonymous_13)
FNDA:0,(anonymous_14)
FNDA:0,(anonymous_15)
FNDA:0,deleteScreenshot
FNDA:0,cleanupScreenshots
FNDA:0,(anonymous_18)
FNDA:0,(anonymous_19)
FNDA:0,saveUpload
FNDA:0,getUpload
FNDA:0,(anonymous_22)
FNDA:0,listUploads
FNDA:0,(anonymous_24)
FNDA:0,(anonymous_25)
FNDA:0,(anonymous_26)
FNDA:0,deleteUpload
DA:1,14
DA:2,14
DA:3,14
DA:4,14
DA:7,14
DA:8,14
DA:11,14
DA:21,0
DA:22,0
DA:24,0
DA:25,0
DA:34,0
DA:42,0
DA:51,0
DA:61,0
DA:70,0
DA:72,0
DA:73,0
DA:75,0
DA:77,0
DA:80,0
DA:82,0
DA:96,0
DA:98,0
DA:99,0
DA:101,0
DA:103,0
DA:106,0
DA:108,0
DA:122,0
DA:124,0
DA:125,0
DA:128,0
DA:136,0
DA:138,0
DA:139,0
DA:140,0
DA:146,0
DA:148,0
DA:149,0
DA:152,0
DA:153,0
DA:155,0
DA:168,0
DA:170,0
DA:171,0
DA:173,0
DA:174,0
DA:175,0
DA:182,0
DA:184,0
DA:193,0
DA:195,0
DA:196,0
DA:199,0
DA:200,0
DA:207,0
DA:208,0
DA:211,0
DA:212,0
DA:213,0
DA:214,0
DA:215,0
DA:217,0
DA:223,0
DA:224,0
DA:225,0
DA:226,0
DA:227,0
DA:229,0
DA:242,0
DA:244,0
DA:245,0
DA:248,0
DA:249,0
DA:250,0
DA:252,0
DA:254,0
DA:256,0
DA:271,0
DA:274,0
DA:275,0
DA:277,0
DA:278,0
DA:281,0
DA:282,0
DA:283,0
DA:285,0
DA:298,0
DA:300,0
DA:301,0
DA:303,0
DA:304,0
DA:305,0
DA:306,0
DA:313,0
DA:315,0
DA:324,0
DA:325,0
DA:326,0
DA:329,0
DA:330,0
DA:333,14
LF:103
LH:8
BRDA:21,0,0,0
BRDA:21,0,1,0
BRDA:24,1,0,0
BRDA:24,1,1,0
BRDA:60,2,0,0
BRDA:124,3,0,0
BRDA:124,3,1,0
BRDA:148,4,0,0
BRDA:148,4,1,0
BRDA:195,5,0,0
BRDA:195,5,1,0
BRDA:211,6,0,0
BRDA:211,6,1,0
BRDA:225,7,0,0
BRDA:225,7,1,0
BRDA:244,8,0,0
BRDA:244,8,1,0
BRDA:248,9,0,0
BRDA:248,9,1,0
BRDA:277,10,0,0
BRDA:277,10,1,0
BRDA:325,11,0,0
BRDA:325,11,1,0
BRF:23
BRH:0
end_of_record
TN:
SF:utils/state.js
FN:13,ensureDir
FN:23,getDefaultState
FN:43,getDefaultMetrics
FN:55,readState
FN:72,writeState
FN:86,updateState
FN:96,clearState
FN:104,readMetrics
FN:121,writeMetrics
FN:133,incrementSent
FN:144,incrementReceived
FN:155,resetMetrics
FNF:12
FNH:12
FNDA:81,ensureDir
FNDA:32,getDefaultState
FNDA:40,getDefaultMetrics
FNDA:7,readState
FNDA:26,writeState
FNDA:2,updateState
FNDA:18,clearState
FNDA:17,readMetrics
FNDA:31,writeMetrics
FNDA:6,incrementSent
FNDA:4,incrementReceived
FNDA:20,resetMetrics
DA:1,31
DA:2,31
DA:3,31
DA:6,31
DA:7,31
DA:8,31
DA:14,81
DA:15,2
DA:24,32
DA:44,40
DA:56,7
DA:57,7
DA:58,7
DA:59,7
DA:60,7
DA:63,0
DA:65,0
DA:73,26
DA:74,26
DA:75,26
DA:77,0
DA:87,2
DA:88,2
DA:89,2
DA:90,2
DA:97,18
DA:105,17
DA:106,17
DA:107,17
DA:108,17
DA:109,17
DA:112,0
DA:114,0
DA:122,31
DA:123,31
DA:124,31
DA:126,0
DA:134,6
DA:135,6
DA:136,6
DA:137,6
DA:138,6
DA:145,4
DA:146,4
DA:147,4
DA:148,4
DA:149,4
DA:156,20
DA:159,31
LF:49
LH:43
BRDA:14,0,0,2
BRDA:14,0,1,79
BRDA:58,1,0,7
BRDA:58,1,1,0
BRDA:107,2,0,17
BRDA:107,2,1,0
BRF:6
BRH:4
end_of_record
